ago. 21, 2025 3:16:57 PM liquibase.changelog
INFO: Reading resource: db/changelog/migrations/db.changelog-202508210039.sql
ago. 21, 2025 3:16:57 PM liquibase.changelog
INFO: Reading resource: db/changelog/migrations/db.changelog-202508210040.sql
ago. 21, 2025 3:16:57 PM liquibase.changelog
INFO: Reading resource: db/changelog/migrations/db.changelog-202508210041.sql
ago. 21, 2025 3:16:57 PM liquibase.changelog
INFO: Reading resource: db/changelog/migrations/db.changelog-202508210042.sql
ago. 21, 2025 3:16:57 PM liquibase.changelog
INFO: Reading resource: db/changelog/migrations/db.changelog-202508210043.sql
ago. 21, 2025 3:16:57 PM liquibase.changelog
INFO: Creating database history table with name: Board.databasechangelog
ago. 21, 2025 3:16:57 PM liquibase.changelog
INFO: Reading from Board.databasechangelog
ago. 21, 2025 3:16:57 PM liquibase.lockservice
INFO: Successfully acquired change log lock
ago. 21, 2025 3:16:57 PM liquibase.command
INFO: Using deploymentId: 5800217873
ago. 21, 2025 3:16:57 PM liquibase.changelog
INFO: Reading from Board.databasechangelog
Running Changeset: db/changelog/migrations/db.changelog-202508210039.sql::1::author
ago. 21, 2025 3:16:57 PM liquibase.changelog
INFO: Custom SQL executed
ago. 21, 2025 3:16:57 PM liquibase.changelog
INFO: ChangeSet db/changelog/migrations/db.changelog-202508210039.sql::1::author ran successfully in 21ms
Running Changeset: db/changelog/migrations/db.changelog-202508210040.sql::1::author
ago. 21, 2025 3:16:57 PM liquibase.changelog
INFO: Custom SQL executed
ago. 21, 2025 3:16:57 PM liquibase.changelog
INFO: ChangeSet db/changelog/migrations/db.changelog-202508210040.sql::1::author ran successfully in 17ms
Running Changeset: db/changelog/migrations/db.changelog-202508210041.sql::1::author
ago. 21, 2025 3:16:57 PM liquibase.changelog
INFO: Custom SQL executed
ago. 21, 2025 3:16:57 PM liquibase.changelog
INFO: ChangeSet db/changelog/migrations/db.changelog-202508210041.sql::1::author ran successfully in 15ms
Running Changeset: db/changelog/migrations/db.changelog-202508210042.sql::1::author
ago. 21, 2025 3:16:57 PM liquibase.changelog
INFO: Custom SQL executed
ago. 21, 2025 3:16:57 PM liquibase.changelog
INFO: ChangeSet db/changelog/migrations/db.changelog-202508210042.sql::1::author ran successfully in 23ms
Running Changeset: db/changelog/migrations/db.changelog-202508210043.sql::1::author
ago. 21, 2025 3:16:58 PM liquibase.changelog
INFO: Custom SQL executed
ago. 21, 2025 3:16:58 PM liquibase.changelog
INFO: ChangeSet db/changelog/migrations/db.changelog-202508210043.sql::1::author ran successfully in 25ms

UPDATE SUMMARY
Run:                          5
Previously run:               0
Filtered out:                 0
-------------------------------
Total change sets:            5

ago. 21, 2025 3:16:58 PM liquibase.util
INFO: UPDATE SUMMARY
ago. 21, 2025 3:16:58 PM liquibase.util
INFO: Run:                          5
ago. 21, 2025 3:16:58 PM liquibase.util
INFO: Previously run:               0
ago. 21, 2025 3:16:58 PM liquibase.util
INFO: Filtered out:                 0
ago. 21, 2025 3:16:58 PM liquibase.util
INFO: -------------------------------
ago. 21, 2025 3:16:58 PM liquibase.util
INFO: Total change sets:            5
ago. 21, 2025 3:16:58 PM liquibase.util
INFO: Update summary generated
ago. 21, 2025 3:16:58 PM liquibase.command
INFO: Update command completed successfully.
Liquibase: Update has been successful. Rows affected: 5
ago. 21, 2025 3:16:58 PM liquibase.lockservice
INFO: Successfully released change log lock
ago. 21, 2025 3:16:58 PM liquibase.command
INFO: Command execution complete
